This file contains any messages produced by compilers while
running configure, to aid debugging if configure makes a mistake.

It was created by ParselTongue configure 2.3, which was
generated by GNU Autoconf 2.61.  Invocation command line was

  $ ./configure --prefix=/data2/shubhankar/gmrt-spam/spam/ParselTongue --with-obit=/data2/shubhankar/gmrt-spam/spam/Obit PYTHON=/usr/bin/python

## --------- ##
## Platform. ##
## --------- ##

hostname = ISHWAR2
uname -m = x86_64
uname -r = 4.4.0-57-generic
uname -s = Linux
uname -v = #78-Ubuntu SMP Fri Dec 9 23:50:32 UTC 2016

/usr/bin/uname -p = unknown
/bin/uname -X     = unknown

/bin/arch              = unknown
/usr/bin/arch -k       = unknown
/usr/convex/getsysinfo = unknown
/usr/bin/hostinfo      = unknown
/bin/machine           = unknown
/usr/bin/oslevel       = unknown
/bin/universe          = unknown

PATH: .
PATH: /data2/shubhankar/gmrt-spam/spam/AIPS/31DEC13/LNX64/SYSTEM/NCRA-TIFR
PATH: /data2/shubhankar/gmrt-spam/spam/AIPS/31DEC13/SYSTEM/UNIX
PATH: /data2/shubhankar/PyBDSM/LOFAR/build/gnu_opt/installed/bin
PATH: /data2/shubhankar/PyBDSM/LOFAR/build/gnu_opt/installed/sbin
PATH: /data2/shubhankar/LUTE
PATH: /data2/shubhankar/gmrt-spam/spam/bin
PATH: /data2/shubhankar/bin
PATH: /data2/shubhankar/.local/bin
PATH: /data2/shubhankar/LUTE
PATH: /data2/shubhankar/spam/bin
PATH: /usr/local/sbin
PATH: /usr/local/bin
PATH: /usr/sbin
PATH: /usr/bin
PATH: /sbin
PATH: /bin
PATH: /usr/games
PATH: /usr/local/games
PATH: /snap/bin


## ----------- ##
## Core tests. ##
## ----------- ##

configure:1708: checking for a BSD-compatible install
configure:1764: result: /usr/bin/install -c
configure:1775: checking whether build environment is sane
configure:1818: result: yes
configure:1846: checking for a thread-safe mkdir -p
configure:1885: result: /bin/mkdir -p
configure:1898: checking for gawk
configure:1914: found /usr/bin/gawk
configure:1925: result: gawk
configure:1936: checking whether make sets $(MAKE)
configure:1957: result: yes
configure:2164: checking whether /usr/bin/python version >= 2.2
configure:2173: /usr/bin/python -c import sys, string # split strings by '.' and convert to numeric. Append some zeros # because we need at least 4 digits for the hex conversion. minver = map(int, string.split('2.2', '.')) + [0, 0, 0] minverhex = 0 for i in xrange(0, 4): minverhex = (minverhex << 8) + minver[i] sys.exit(sys.hexversion < minverhex)
configure:2176: $? = 0
configure:2178: result: yes
configure:2273: checking for /usr/bin/python version
configure:2280: result: 2.7
configure:2292: checking for /usr/bin/python platform
configure:2299: result: linux2
configure:2306: checking for /usr/bin/python script directory
configure:2314: result: ${prefix}/lib/python2.7/site-packages
configure:2323: checking for /usr/bin/python extension module directory
configure:2331: result: ${exec_prefix}/lib/python2.7/site-packages
configure:2360: checking for Obit
configure:2378: result: found
configure:2523: creating ./config.status

## ---------------------- ##
## Running config.status. ##
## ---------------------- ##

This file was extended by ParselTongue config.status 2.3, which was
generated by GNU Autoconf 2.61.  Invocation command line was

  CONFIG_FILES    = 
  CONFIG_HEADERS  = 
  CONFIG_LINKS    = 
  CONFIG_COMMANDS = 
  $ ./config.status 

on ISHWAR2

config.status:604: creating bin/Makefile
config.status:604: creating python/Makefile
config.status:604: creating python/Proxy/Makefile
config.status:604: creating python/Wizardry/Makefile
config.status:604: creating test/Makefile
config.status:604: creating Makefile
config.status:604: creating doc/Makefile

## ---------------- ##
## Cache variables. ##
## ---------------- ##

ac_cv_env_build_alias_set=
ac_cv_env_build_alias_value=
ac_cv_env_host_alias_set=
ac_cv_env_host_alias_value=
ac_cv_env_target_alias_set=
ac_cv_env_target_alias_value=
ac_cv_obit=found
ac_cv_path_install='/usr/bin/install -c'
ac_cv_path_mkdir=/bin/mkdir
ac_cv_prog_AWK=gawk
ac_cv_prog_make_make_set=yes
am_cv_python_platform=linux2
am_cv_python_pyexecdir='${exec_prefix}/lib/python2.7/site-packages'
am_cv_python_pythondir='${prefix}/lib/python2.7/site-packages'
am_cv_python_version=2.7

## ----------------- ##
## Output variables. ##
## ----------------- ##

ACLOCAL='${SHELL} /data2/shubhankar/gmrt-spam/spam/parseltongue-2.3a/missing --run aclocal-1.10'
AMTAR='${SHELL} /data2/shubhankar/gmrt-spam/spam/parseltongue-2.3a/missing --run tar'
AUTOCONF='${SHELL} /data2/shubhankar/gmrt-spam/spam/parseltongue-2.3a/missing --run autoconf'
AUTOHEADER='${SHELL} /data2/shubhankar/gmrt-spam/spam/parseltongue-2.3a/missing --run autoheader'
AUTOMAKE='${SHELL} /data2/shubhankar/gmrt-spam/spam/parseltongue-2.3a/missing --run automake-1.10'
AWK='gawk'
CYGPATH_W='echo'
DEFS='-DPACKAGE_NAME=\"ParselTongue\" -DPACKAGE_TARNAME=\"parseltongue\" -DPACKAGE_VERSION=\"2.3\" -DPACKAGE_STRING=\"ParselTongue\ 2.3\" -DPACKAGE_BUGREPORT=\"kettenis@jive.eu\" -DPACKAGE=\"parseltongue\" -DVERSION=\"2.3\"'
ECHO_C=''
ECHO_N='-n'
ECHO_T=''
INSTALL_DATA='${INSTALL} -m 644'
INSTALL_PROGRAM='${INSTALL}'
INSTALL_SCRIPT='${INSTALL}'
INSTALL_STRIP_PROGRAM='$(install_sh) -c -s'
LIBOBJS=''
LIBS=''
LTLIBOBJS=''
MAKEINFO='${SHELL} /data2/shubhankar/gmrt-spam/spam/parseltongue-2.3a/missing --run makeinfo'
OBIT_PYTHONPATH='/data2/shubhankar/gmrt-spam/spam/Obit/python'
PACKAGE='parseltongue'
PACKAGE_BUGREPORT='kettenis@jive.eu'
PACKAGE_NAME='ParselTongue'
PACKAGE_STRING='ParselTongue 2.3'
PACKAGE_TARNAME='parseltongue'
PACKAGE_VERSION='2.3'
PATH_SEPARATOR=':'
PYTHON='/usr/bin/python'
PYTHON_EXEC_PREFIX='${exec_prefix}'
PYTHON_PLATFORM='linux2'
PYTHON_PREFIX='${prefix}'
PYTHON_VERSION='2.7'
SET_MAKE=''
SHELL='/bin/bash'
STRIP=''
VERSION='2.3'
am__isrc=''
am__leading_dot='.'
am__tar='${AMTAR} chof - "$$tardir"'
am__untar='${AMTAR} xf -'
bindir='${exec_prefix}/bin'
build_alias=''
datadir='${datarootdir}'
datarootdir='${prefix}/share'
docdir='${datarootdir}/doc/${PACKAGE_TARNAME}'
dvidir='${docdir}'
exec_prefix='${prefix}'
host_alias=''
htmldir='${docdir}'
includedir='${prefix}/include'
infodir='${datarootdir}/info'
install_sh='$(SHELL) /data2/shubhankar/gmrt-spam/spam/parseltongue-2.3a/install-sh'
libdir='${exec_prefix}/lib'
libexecdir='${exec_prefix}/libexec'
localedir='${datarootdir}/locale'
localstatedir='${prefix}/var'
mandir='${datarootdir}/man'
mkdir_p='/bin/mkdir -p'
oldincludedir='/usr/include'
pdfdir='${docdir}'
pkgpyexecdir='${pyexecdir}/parseltongue'
pkgpythondir='${pythondir}/parseltongue'
prefix='/data2/shubhankar/gmrt-spam/spam/ParselTongue'
program_transform_name='s,x,x,'
psdir='${docdir}'
pyexecdir='${exec_prefix}/lib/python2.7/site-packages'
pythondir='${prefix}/lib/python2.7/site-packages'
sbindir='${exec_prefix}/sbin'
sharedstatedir='${prefix}/com'
sysconfdir='${prefix}/etc'
target_alias=''

## ----------- ##
## confdefs.h. ##
## ----------- ##

#define PACKAGE_NAME "ParselTongue"
#define PACKAGE_TARNAME "parseltongue"
#define PACKAGE_VERSION "2.3"
#define PACKAGE_STRING "ParselTongue 2.3"
#define PACKAGE_BUGREPORT "kettenis@jive.eu"
#define PACKAGE "parseltongue"
#define VERSION "2.3"

configure: exit 0
